

Microchip Technology PIC18 LITE Macro Assembler V1.35 build -356382666 
                                                                                               Wed Aug 26 20:48:19 2015

Microchip Technology Omniscient Code Generator v1.35 (Free mode) build 201507080246
     1                           	processor	18F45K20
     2                           	fnconf	rparam,??,?,0
     3                           	opt	pw 120
     4                           	opt	lm
     5                           	psect	nvCOMRAM,global,class=COMRAM,space=1,delta=1
     6                           	psect	cinit,global,reloc=2,class=CODE,delta=1
     7                           	psect	cstackCOMRAM,global,class=COMRAM,space=1,delta=1
     8                           	psect	text0,global,reloc=2,class=CODE,delta=1
     9                           	psect	text1,global,reloc=2,class=CODE,delta=1
    10                           	psect	text2,global,reloc=2,class=CODE,delta=1
    11                           	psect	text3,global,reloc=2,class=CODE,delta=1
    12                           	psect	intcodelo,global,reloc=2,class=CODE,delta=1
    13                           	psect	intcode,global,reloc=2,class=CODE,delta=1
    14                           	psect	intcode_body,global,reloc=2,class=CODE,delta=1
    15                           	psect	intsave_regs,global,class=BIGRAM,space=1,delta=1
    16                           	psect	rparam,global,class=COMRAM,space=1,delta=1
    17                           	psect	temp,global,ovrld,common,class=COMRAM,space=1,delta=1
    18  0000                     
    19                           	psect	nvCOMRAM
    20  000023                     __pnvCOMRAM:
    21                           	opt stack 0
    22  000023                     _LED_Display:
    23                           	opt stack 0
    24  000023                     	ds	1
    25  0000                     _ANSEL	set	3966
    26  0000                     _ANSELH	set	3967
    27  0000                     _PORTA	set	3968
    28  0000                     _PORTBbits	set	3969
    29  0000                     _PORTC	set	3970
    30  0000                     _PORTD	set	3971
    31  0000                     _TRISA	set	3986
    32  0000                     _TRISB	set	3987
    33  0000                     _TRISC	set	3988
    34  0000                     _TRISD	set	3989
    35  0000                     _WPUB0	set	31712
    36  0000                     _OSCCON	set	4051
    37  0000                     _SSPBUF	set	4041
    38  0000                     _SSPCON1	set	4038
    39  0000                     _CKE	set	32318
    40  0000                     _SMP	set	32319
    41  0000                     _SSPEN	set	32309
    42  0000                     _SSPIF	set	31987
    43  0000                     _T0CON	set	4053
    44  0000                     _T0CONbits	set	4053
    45  0000                     _TMR0H	set	4055
    46  0000                     _TMR0L	set	4054
    47  0000                     _INTCONbits	set	4082
    48  0000                     _GIE	set	32663
    49  0000                     _RBPU	set	32655
    50                           
    51                           ; #config settings
    52  0000                     
    53                           	psect	cinit
    54  0001DC                     __pcinit:
    55                           	opt stack 0
    56  0001DC                     start_initialization:
    57                           	opt stack 0
    58  0001DC                     __initialization:
    59                           	opt stack 0
    60  0001DC                     end_of_initialization:
    61                           	opt stack 0
    62  0001DC                     __end_of__initialization:
    63                           	opt stack 0
    64  0001DC  9024               	bcf	int$flags,0,c	;clear compiler interrupt flag (level 1)
    65  0001DE  9224               	bcf	int$flags,1,c	;clear compiler interrupt flag (level 2)
    66  0001E0  0100               	movlb	0
    67  0001E2  EF55  F000         	goto	_main	;jump to C main() function
    68                           
    69                           	psect	cstackCOMRAM
    70  000001                     __pcstackCOMRAM:
    71                           	opt stack 0
    72  000001                     ??_low_isr:
    73  000001                     
    74                           ; 1 bytes @ 0x0
    75  000001                     	ds	17
    76  000012                     ??_high_isr:
    77                           
    78                           ; 0 bytes @ 0x11
    79  000012                     	ds	14
    80  000020                     SpiTxRx@data:
    81                           	opt stack 0
    82                           
    83                           ; 1 bytes @ 0x1F
    84  000020                     	ds	1
    85  000021                     main@BotonPresionado:
    86                           	opt stack 0
    87                           
    88                           ; 1 bytes @ 0x20
    89  000021                     	ds	1
    90  000022                     main@Direccion:
    91                           	opt stack 0
    92                           
    93                           ; 1 bytes @ 0x21
    94  000022                     	ds	1
    95                           
    96 ;;
    97 ;;Main: autosize = 0, tempsize = 0, incstack = 0, save=0
    98 ;;
    99 ;; *************** function _main *****************
   100 ;; Defined at:
   101 ;;		line 33 in file "main.c"
   102 ;; Parameters:    Size  Location     Type
   103 ;;		None
   104 ;; Auto vars:     Size  Location     Type
   105 ;;  Direccion       1   33[COMRAM] enum E3524
   106 ;;  BotonPresion    1   32[COMRAM] enum E3528
   107 ;; Return value:  Size  Location     Type
   108 ;;		None               void
   109 ;; Registers used:
   110 ;;		wreg, status,2, status,0, cstack
   111 ;; Tracked objects:
   112 ;;		On entry : 0/0
   113 ;;		On exit  : 0/0
   114 ;;		Unchanged: 0/0
   115 ;; Data sizes:     COMRAM   BANK0   BANK1   BANK2   BANK3   BANK4   BANK5
   116 ;;      Params:         0       0       0       0       0       0       0
   117 ;;      Locals:         2       0       0       0       0       0       0
   118 ;;      Temps:          0       0       0       0       0       0       0
   119 ;;      Totals:         2       0       0       0       0       0       0
   120 ;;Total ram usage:        2 bytes
   121 ;; Hardware stack levels required when called:    3
   122 ;; This function calls:
   123 ;;		_ConfigureOscillator
   124 ;;		_InitApp
   125 ;;		_SpiTxRx
   126 ;; This function is called by:
   127 ;;		Startup code after reset
   128 ;; This function uses a non-reentrant model
   129 ;;
   130                           
   131                           	psect	text0
   132  0000AA                     __ptext0:
   133                           	opt stack 0
   134  0000AA                     _main:
   135                           	opt stack 28
   136                           
   137                           ;main.c: 36: ConfigureOscillator();
   138                           
   139                           ;incstack = 0
   140  0000AA  ECF3  F000         	call	_ConfigureOscillator	;wreg free
   141                           
   142                           ;main.c: 38: InitApp();
   143  0000AE  ECC4  F000         	call	_InitApp	;wreg free
   144                           
   145                           ;main.c: 40: LEDDirections Direccion = IZQ2DER;
   146  0000B2  0E00               	movlw	0
   147  0000B4  6E22               	movwf	main@Direccion,c
   148                           
   149                           ;main.c: 41: LED_Display = 1;
   150  0000B6  0E01               	movlw	1
   151  0000B8  6E23               	movwf	_LED_Display,c
   152                           
   153                           ;main.c: 42: BOOL BotonPresionado = FALSE;
   154  0000BA  0E00               	movlw	0
   155  0000BC  6E21               	movwf	main@BotonPresionado,c
   156  0000BE                     l731:
   157                           
   158                           ;main.c: 45: {
   159                           ;main.c: 46: if(Direccion == IZQ2DER)
   160  0000BE  5022               	movf	main@Direccion,w,c
   161  0000C0  A4D8               	btfss	status,2,c
   162  0000C2  D007               	goto	l739
   163                           
   164                           ;main.c: 47: {
   165                           ;main.c: 48: LED_Display <<= 1;
   166  0000C4  90D8               	bcf	status,0,c
   167  0000C6  3623               	rlcf	_LED_Display,f,c
   168                           
   169                           ;main.c: 49: if (LED_Display == 0)
   170  0000C8  5023               	movf	_LED_Display,w,c
   171  0000CA  A4D8               	btfss	status,2,c
   172  0000CC  D009               	goto	l745
   173                           
   174                           ;main.c: 50: LED_Display = 1;
   175  0000CE  0E01               	movlw	1
   176  0000D0  D006               	goto	L1
   177  0000D2                     l739:
   178                           
   179                           ;main.c: 52: else{
   180                           ;main.c: 53: LED_Display >>= 1;
   181  0000D2  90D8               	bcf	status,0,c
   182  0000D4  3223               	rrcf	_LED_Display,f,c
   183                           
   184                           ;main.c: 54: if (LED_Display == 0)
   185  0000D6  5023               	movf	_LED_Display,w,c
   186  0000D8  A4D8               	btfss	status,2,c
   187  0000DA  D002               	goto	l745
   188                           
   189                           ;main.c: 55: LED_Display = 0x80;
   190  0000DC  0E80               	movlw	128
   191  0000DE                     L1:
   192  0000DE  6E23               	movwf	_LED_Display,c
   193  0000E0                     l745:
   194                           
   195                           ;main.c: 56: }
   196                           ;main.c: 57: PORTD = LED_Display;
   197  0000E0  C023  FF83         	movff	_LED_Display,3971	;volatile
   198                           
   199                           ;main.c: 58: SpiTxRx(LED_Display);
   200  0000E4  5023               	movf	_LED_Display,w,c
   201  0000E6  ECE6  F000         	call	_SpiTxRx
   202  0000EA                     l749:
   203                           
   204                           ;main.c: 60: {
   205                           ;main.c: 61: if (PORTBbits.RB0 == 1)
   206  0000EA  A081               	btfss	3969,0,c	;volatile
   207  0000EC  D003               	goto	l753
   208                           
   209                           ;main.c: 62: {
   210                           ;main.c: 63: BotonPresionado = FALSE;
   211  0000EE  0E00               	movlw	0
   212  0000F0  6E21               	movwf	main@BotonPresionado,c
   213                           
   214                           ;main.c: 64: }
   215  0000F2  D00C               	goto	l761
   216  0000F4                     l753:
   217                           
   218                           ;main.c: 65: else if (BotonPresionado == FALSE)
   219  0000F4  5021               	movf	main@BotonPresionado,w,c
   220  0000F6  A4D8               	btfss	status,2,c
   221  0000F8  D009               	goto	l761
   222                           
   223                           ;main.c: 66: {
   224                           ;main.c: 67: BotonPresionado = TRUE;
   225  0000FA  0E01               	movlw	1
   226  0000FC  6E21               	movwf	main@BotonPresionado,c
   227                           
   228                           ;main.c: 69: if(Direccion == IZQ2DER)
   229  0000FE  5022               	movf	main@Direccion,w,c
   230  000100  A4D8               	btfss	status,2,c
   231  000102  D002               	goto	l759
   232                           
   233                           ;main.c: 70: Direccion = DER2IZQ;
   234  000104  0E01               	movlw	1
   235  000106  D001               	goto	L2
   236  000108                     l759:
   237                           
   238                           ;main.c: 71: else
   239                           ;main.c: 72: Direccion = IZQ2DER;
   240  000108  0E00               	movlw	0
   241  00010A                     L2:
   242  00010A  6E22               	movwf	main@Direccion,c
   243  00010C                     l761:
   244                           
   245                           ;main.c: 73: }
   246                           ;main.c: 74: } while (INTCONbits.TMR0IF == 0);
   247  00010C  A4F2               	btfss	intcon,2,c	;volatile
   248  00010E  D7ED               	goto	l749
   249                           
   250                           ;main.c: 77: INTCONbits.TMR0IF = 0;
   251  000110  94F2               	bcf	intcon,2,c	;volatile
   252                           
   253                           ;main.c: 79: TMR0H = 0b00001111;
   254  000112  0E0F               	movlw	15
   255  000114  6ED7               	movwf	4055,c	;volatile
   256                           
   257                           ;main.c: 80: TMR0L = 0b00000000;
   258  000116  0E00               	movlw	0
   259  000118  6ED6               	movwf	4054,c	;volatile
   260  00011A  D7D1               	goto	l731
   261  00011C                     __end_of_main:
   262                           	opt stack 0
   263                           intcon	equ	0xFF2
   264                           status	equ	0xFD8
   265                           
   266 ;; *************** function _SpiTxRx *****************
   267 ;; Defined at:
   268 ;;		line 72 in file "user.c"
   269 ;; Parameters:    Size  Location     Type
   270 ;;  data            1    wreg     unsigned char 
   271 ;; Auto vars:     Size  Location     Type
   272 ;;  data            1   31[COMRAM] unsigned char 
   273 ;; Return value:  Size  Location     Type
   274 ;;                  1    wreg      unsigned char 
   275 ;; Registers used:
   276 ;;		wreg
   277 ;; Tracked objects:
   278 ;;		On entry : 0/0
   279 ;;		On exit  : 0/0
   280 ;;		Unchanged: 0/0
   281 ;; Data sizes:     COMRAM   BANK0   BANK1   BANK2   BANK3   BANK4   BANK5
   282 ;;      Params:         0       0       0       0       0       0       0
   283 ;;      Locals:         1       0       0       0       0       0       0
   284 ;;      Temps:          0       0       0       0       0       0       0
   285 ;;      Totals:         1       0       0       0       0       0       0
   286 ;;Total ram usage:        1 bytes
   287 ;; Hardware stack levels used:    1
   288 ;; Hardware stack levels required when called:    2
   289 ;; This function calls:
   290 ;;		Nothing
   291 ;; This function is called by:
   292 ;;		_main
   293 ;; This function uses a non-reentrant model
   294 ;;
   295                           
   296                           	psect	text1
   297  0001CC                     __ptext1:
   298                           	opt stack 0
   299  0001CC                     _SpiTxRx:
   300                           	opt stack 28
   301                           
   302                           ;incstack = 0
   303                           ;SpiTxRx@data stored from wreg
   304  0001CC  6E20               	movwf	SpiTxRx@data,c
   305                           
   306                           ;user.c: 74: SSPBUF = data;
   307  0001CE  C020  FFC9         	movff	SpiTxRx@data,4041	;volatile
   308  0001D2                     l98:
   309  0001D2  A69E               	btfss	3998,3,c	;volatile
   310  0001D4  D7FE               	goto	l98
   311                           
   312                           ;user.c: 76: SSPIF=0;
   313  0001D6  969E               	bcf	3998,3,c	;volatile
   314                           
   315                           ;user.c: 77: return SSPBUF;
   316                           ;	Return value of _SpiTxRx is never used
   317  0001D8  50C9               	movf	4041,w,c	;volatile
   318  0001DA  0012               	return		;funcret
   319  0001DC                     __end_of_SpiTxRx:
   320                           	opt stack 0
   321                           intcon	equ	0xFF2
   322                           status	equ	0xFD8
   323                           
   324 ;; *************** function _InitApp *****************
   325 ;; Defined at:
   326 ;;		line 21 in file "user.c"
   327 ;; Parameters:    Size  Location     Type
   328 ;;		None
   329 ;; Auto vars:     Size  Location     Type
   330 ;;		None
   331 ;; Return value:  Size  Location     Type
   332 ;;		None               void
   333 ;; Registers used:
   334 ;;		wreg, status,2
   335 ;; Tracked objects:
   336 ;;		On entry : 0/0
   337 ;;		On exit  : 0/0
   338 ;;		Unchanged: 0/0
   339 ;; Data sizes:     COMRAM   BANK0   BANK1   BANK2   BANK3   BANK4   BANK5
   340 ;;      Params:         0       0       0       0       0       0       0
   341 ;;      Locals:         0       0       0       0       0       0       0
   342 ;;      Temps:          0       0       0       0       0       0       0
   343 ;;      Totals:         0       0       0       0       0       0       0
   344 ;;Total ram usage:        0 bytes
   345 ;; Hardware stack levels used:    1
   346 ;; Hardware stack levels required when called:    2
   347 ;; This function calls:
   348 ;;		Nothing
   349 ;; This function is called by:
   350 ;;		_main
   351 ;; This function uses a non-reentrant model
   352 ;;
   353                           
   354                           	psect	text2
   355  000188                     __ptext2:
   356                           	opt stack 0
   357  000188                     _InitApp:
   358                           	opt stack 28
   359                           
   360                           ;user.c: 29: TRISA=0b11011111;
   361                           
   362                           ;incstack = 0
   363  000188  0EDF               	movlw	223
   364  00018A  6E92               	movwf	3986,c	;volatile
   365                           
   366                           ;user.c: 30: RBPU = 0;
   367  00018C  9EF1               	bcf	intcon2,7,c	;volatile
   368                           
   369                           ;user.c: 31: WPUB0 = 1;
   370  00018E  807C               	bsf	3964,0,c	;volatile
   371                           
   372                           ;user.c: 32: TRISB=0b11111111;
   373  000190  6893               	setf	3987,c	;volatile
   374                           
   375                           ;user.c: 33: TRISC=0b11010111;
   376  000192  0ED7               	movlw	215
   377  000194  6E94               	movwf	3988,c	;volatile
   378                           
   379                           ;user.c: 34: TRISD=0b00000000;
   380  000196  0E00               	movlw	0
   381  000198  6E95               	movwf	3989,c	;volatile
   382                           
   383                           ;user.c: 35: PORTA=0;
   384  00019A  0E00               	movlw	0
   385  00019C  6E80               	movwf	3968,c	;volatile
   386                           
   387                           ;user.c: 36: PORTC=0;
   388  00019E  0E00               	movlw	0
   389  0001A0  6E82               	movwf	3970,c	;volatile
   390                           
   391                           ;user.c: 37: PORTD=0;
   392  0001A2  0E00               	movlw	0
   393  0001A4  6E83               	movwf	3971,c	;volatile
   394                           
   395                           ;user.c: 40: ANSEL = 0;
   396  0001A6  0E00               	movlw	0
   397  0001A8  6E7E               	movwf	3966,c	;volatile
   398                           
   399                           ;user.c: 41: ANSELH = 0;
   400  0001AA  0E00               	movlw	0
   401  0001AC  6E7F               	movwf	3967,c	;volatile
   402                           
   403                           ;user.c: 51: SMP=0;
   404  0001AE  9EC7               	bcf	4039,7,c	;volatile
   405                           
   406                           ;user.c: 52: CKE=1;
   407  0001B0  8CC7               	bsf	4039,6,c	;volatile
   408                           
   409                           ;user.c: 53: SSPCON1=0;
   410  0001B2  0E00               	movlw	0
   411  0001B4  6EC6               	movwf	4038,c	;volatile
   412                           
   413                           ;user.c: 56: SSPEN=1;
   414  0001B6  8AC6               	bsf	4038,5,c	;volatile
   415                           
   416                           ;user.c: 62: GIE=0;
   417  0001B8  9EF2               	bcf	intcon,7,c	;volatile
   418                           
   419                           ;user.c: 64: INTCONbits.TMR0IF = 0;
   420  0001BA  94F2               	bcf	intcon,2,c	;volatile
   421                           
   422                           ;user.c: 65: T0CON = 0b00000001;
   423  0001BC  0E01               	movlw	1
   424  0001BE  6ED5               	movwf	4053,c	;volatile
   425                           
   426                           ;user.c: 66: TMR0H = 0;
   427  0001C0  0E00               	movlw	0
   428  0001C2  6ED7               	movwf	4055,c	;volatile
   429                           
   430                           ;user.c: 67: TMR0L = 0;
   431  0001C4  0E00               	movlw	0
   432  0001C6  6ED6               	movwf	4054,c	;volatile
   433                           
   434                           ;user.c: 68: T0CONbits.TMR0ON = 1;
   435  0001C8  8ED5               	bsf	4053,7,c	;volatile
   436  0001CA  0012               	return		;funcret
   437  0001CC                     __end_of_InitApp:
   438                           	opt stack 0
   439                           intcon	equ	0xFF2
   440                           intcon2	equ	0xFF1
   441                           status	equ	0xFD8
   442                           
   443 ;; *************** function _ConfigureOscillator *****************
   444 ;; Defined at:
   445 ;;		line 24 in file "system.c"
   446 ;; Parameters:    Size  Location     Type
   447 ;;		None
   448 ;; Auto vars:     Size  Location     Type
   449 ;;		None
   450 ;; Return value:  Size  Location     Type
   451 ;;		None               void
   452 ;; Registers used:
   453 ;;		wreg, status,2
   454 ;; Tracked objects:
   455 ;;		On entry : 0/0
   456 ;;		On exit  : 0/0
   457 ;;		Unchanged: 0/0
   458 ;; Data sizes:     COMRAM   BANK0   BANK1   BANK2   BANK3   BANK4   BANK5
   459 ;;      Params:         0       0       0       0       0       0       0
   460 ;;      Locals:         0       0       0       0       0       0       0
   461 ;;      Temps:          0       0       0       0       0       0       0
   462 ;;      Totals:         0       0       0       0       0       0       0
   463 ;;Total ram usage:        0 bytes
   464 ;; Hardware stack levels used:    1
   465 ;; Hardware stack levels required when called:    2
   466 ;; This function calls:
   467 ;;		Nothing
   468 ;; This function is called by:
   469 ;;		_main
   470 ;; This function uses a non-reentrant model
   471 ;;
   472                           
   473                           	psect	text3
   474  0001E6                     __ptext3:
   475                           	opt stack 0
   476  0001E6                     _ConfigureOscillator:
   477                           	opt stack 28
   478                           
   479                           ;system.c: 25: OSCCON=0b01011100;
   480                           
   481                           ;incstack = 0
   482  0001E6  0E5C               	movlw	92
   483  0001E8  6ED3               	movwf	4051,c	;volatile
   484  0001EA  0012               	return		;funcret
   485  0001EC                     __end_of_ConfigureOscillator:
   486                           	opt stack 0
   487                           intcon	equ	0xFF2
   488                           intcon2	equ	0xFF1
   489                           status	equ	0xFD8
   490                           
   491 ;; *************** function _low_isr *****************
   492 ;; Defined at:
   493 ;;		line 67 in file "interrupts.c"
   494 ;; Parameters:    Size  Location     Type
   495 ;;		None
   496 ;; Auto vars:     Size  Location     Type
   497 ;;		None
   498 ;; Return value:  Size  Location     Type
   499 ;;		None               void
   500 ;; Registers used:
   501 ;;		None
   502 ;; Tracked objects:
   503 ;;		On entry : 0/0
   504 ;;		On exit  : 0/0
   505 ;;		Unchanged: 0/0
   506 ;; Data sizes:     COMRAM   BANK0   BANK1   BANK2   BANK3   BANK4   BANK5
   507 ;;      Params:         0       0       0       0       0       0       0
   508 ;;      Locals:         0       0       0       0       0       0       0
   509 ;;      Temps:         17       0       0       0       0       0       0
   510 ;;      Totals:        17       0       0       0       0       0       0
   511 ;;Total ram usage:       17 bytes
   512 ;; Hardware stack levels used:    1
   513 ;; Hardware stack levels required when called:    1
   514 ;; This function calls:
   515 ;;		Nothing
   516 ;; This function is called by:
   517 ;;		Interrupt level 1
   518 ;; This function uses a non-reentrant model
   519 ;;
   520                           
   521                           	psect	intcodelo
   522  000018                     __pintcodelo:
   523                           	opt stack 0
   524  000018                     _low_isr:
   525                           	opt stack 28
   526                           
   527                           ;incstack = 0
   528  000018  8024               	bsf	btemp,0,c	;set compiler interrupt flag (level 1)
   529  00001A  CFD8 F001          	movff	status,??_low_isr
   530  00001E  CFE8 F002          	movff	wreg,??_low_isr+1
   531  000022  CFE0 F003          	movff	bsr,??_low_isr+2
   532  000026  CFFA F004          	movff	pclath,??_low_isr+3
   533  00002A  CFFB F005          	movff	pclatu,??_low_isr+4
   534  00002E  CFE9 F006          	movff	fsr0l,??_low_isr+5
   535  000032  CFEA F007          	movff	fsr0h,??_low_isr+6
   536  000036  CFE1 F008          	movff	fsr1l,??_low_isr+7
   537  00003A  CFE2 F009          	movff	fsr1h,??_low_isr+8
   538  00003E  CFD9 F00A          	movff	fsr2l,??_low_isr+9
   539  000042  CFDA F00B          	movff	fsr2h,??_low_isr+10
   540  000046  CFF3 F00C          	movff	prodl,??_low_isr+11
   541  00004A  CFF4 F00D          	movff	prodh,??_low_isr+12
   542  00004E  CFF6 F00E          	movff	tblptrl,??_low_isr+13
   543  000052  CFF7 F00F          	movff	tblptrh,??_low_isr+14
   544  000056  CFF8 F010          	movff	tblptru,??_low_isr+15
   545  00005A  CFF5 F011          	movff	tablat,??_low_isr+16
   546  00005E  C011  FFF5         	movff	??_low_isr+16,tablat
   547  000062  C010  FFF8         	movff	??_low_isr+15,tblptru
   548  000066  C00F  FFF7         	movff	??_low_isr+14,tblptrh
   549  00006A  C00E  FFF6         	movff	??_low_isr+13,tblptrl
   550  00006E  C00D  FFF4         	movff	??_low_isr+12,prodh
   551  000072  C00C  FFF3         	movff	??_low_isr+11,prodl
   552  000076  C00B  FFDA         	movff	??_low_isr+10,fsr2h
   553  00007A  C00A  FFD9         	movff	??_low_isr+9,fsr2l
   554  00007E  C009  FFE2         	movff	??_low_isr+8,fsr1h
   555  000082  C008  FFE1         	movff	??_low_isr+7,fsr1l
   556  000086  C007  FFEA         	movff	??_low_isr+6,fsr0h
   557  00008A  C006  FFE9         	movff	??_low_isr+5,fsr0l
   558  00008E  C005  FFFB         	movff	??_low_isr+4,pclatu
   559  000092  C004  FFFA         	movff	??_low_isr+3,pclath
   560  000096  C003  FFE0         	movff	??_low_isr+2,bsr
   561  00009A  C002  FFE8         	movff	??_low_isr+1,wreg
   562  00009E  C001  FFD8         	movff	??_low_isr,status
   563  0000A2  9024               	bcf	btemp,0,c	;clear compiler interrupt flag (level 1)
   564  0000A4  0010               	retfie	
   565  0000A6                     __end_of_low_isr:
   566                           	opt stack 0
   567                           pclatu	equ	0xFFB
   568                           pclath	equ	0xFFA
   569                           tblptru	equ	0xFF8
   570                           tblptrh	equ	0xFF7
   571                           tblptrl	equ	0xFF6
   572                           tablat	equ	0xFF5
   573                           prodh	equ	0xFF4
   574                           prodl	equ	0xFF3
   575                           intcon	equ	0xFF2
   576                           intcon2	equ	0xFF1
   577                           fsr0h	equ	0xFEA
   578                           fsr0l	equ	0xFE9
   579                           wreg	equ	0xFE8
   580                           fsr1h	equ	0xFE2
   581                           fsr1l	equ	0xFE1
   582                           bsr	equ	0xFE0
   583                           fsr2h	equ	0xFDA
   584                           fsr2l	equ	0xFD9
   585                           status	equ	0xFD8
   586                           
   587 ;; *************** function _high_isr *****************
   588 ;; Defined at:
   589 ;;		line 27 in file "interrupts.c"
   590 ;; Parameters:    Size  Location     Type
   591 ;;		None
   592 ;; Auto vars:     Size  Location     Type
   593 ;;		None
   594 ;; Return value:  Size  Location     Type
   595 ;;		None               void
   596 ;; Registers used:
   597 ;;		None
   598 ;; Tracked objects:
   599 ;;		On entry : 0/0
   600 ;;		On exit  : 0/0
   601 ;;		Unchanged: 0/0
   602 ;; Data sizes:     COMRAM   BANK0   BANK1   BANK2   BANK3   BANK4   BANK5
   603 ;;      Params:         0       0       0       0       0       0       0
   604 ;;      Locals:         0       0       0       0       0       0       0
   605 ;;      Temps:         14       0       0       0       0       0       0
   606 ;;      Totals:        14       0       0       0       0       0       0
   607 ;;Total ram usage:       14 bytes
   608 ;; Hardware stack levels used:    1
   609 ;; This function calls:
   610 ;;		Nothing
   611 ;; This function is called by:
   612 ;;		Interrupt level 2
   613 ;; This function uses a non-reentrant model
   614 ;;
   615                           
   616                           	psect	intcode
   617  000008                     __pintcode:
   618                           	opt stack 0
   619  000008                     _high_isr:
   620                           	opt stack 28
   621                           
   622                           ;incstack = 0
   623  000008  8224               	bsf	btemp,1,c	;set compiler interrupt flag (level 2)
   624  00000A  CFFA F012          	movff	pclath,??_high_isr
   625  00000E  CFFB F013          	movff	pclatu,??_high_isr+1
   626  000012  EF8E  F000         	goto	int_func
   627                           pclatu	equ	0xFFB
   628                           pclath	equ	0xFFA
   629                           tblptru	equ	0xFF8
   630                           tblptrh	equ	0xFF7
   631                           tblptrl	equ	0xFF6
   632                           tablat	equ	0xFF5
   633                           prodh	equ	0xFF4
   634                           prodl	equ	0xFF3
   635                           intcon	equ	0xFF2
   636                           intcon2	equ	0xFF1
   637                           fsr0h	equ	0xFEA
   638                           fsr0l	equ	0xFE9
   639                           wreg	equ	0xFE8
   640                           fsr1h	equ	0xFE2
   641                           fsr1l	equ	0xFE1
   642                           bsr	equ	0xFE0
   643                           fsr2h	equ	0xFDA
   644                           fsr2l	equ	0xFD9
   645                           status	equ	0xFD8
   646                           
   647                           	psect	intcode_body
   648  00011C                     __pintcode_body:
   649                           	opt stack 28
   650  00011C                     int_func:
   651                           	opt stack 28
   652  00011C  CFE9 F014          	movff	fsr0l,??_high_isr+2
   653  000120  CFEA F015          	movff	fsr0h,??_high_isr+3
   654  000124  CFE1 F016          	movff	fsr1l,??_high_isr+4
   655  000128  CFE2 F017          	movff	fsr1h,??_high_isr+5
   656  00012C  CFD9 F018          	movff	fsr2l,??_high_isr+6
   657  000130  CFDA F019          	movff	fsr2h,??_high_isr+7
   658  000134  CFF3 F01A          	movff	prodl,??_high_isr+8
   659  000138  CFF4 F01B          	movff	prodh,??_high_isr+9
   660  00013C  CFF6 F01C          	movff	tblptrl,??_high_isr+10
   661  000140  CFF7 F01D          	movff	tblptrh,??_high_isr+11
   662  000144  CFF8 F01E          	movff	tblptru,??_high_isr+12
   663  000148  CFF5 F01F          	movff	tablat,??_high_isr+13
   664  00014C  C01F  FFF5         	movff	??_high_isr+13,tablat
   665  000150  C01E  FFF8         	movff	??_high_isr+12,tblptru
   666  000154  C01D  FFF7         	movff	??_high_isr+11,tblptrh
   667  000158  C01C  FFF6         	movff	??_high_isr+10,tblptrl
   668  00015C  C01B  FFF4         	movff	??_high_isr+9,prodh
   669  000160  C01A  FFF3         	movff	??_high_isr+8,prodl
   670  000164  C019  FFDA         	movff	??_high_isr+7,fsr2h
   671  000168  C018  FFD9         	movff	??_high_isr+6,fsr2l
   672  00016C  C017  FFE2         	movff	??_high_isr+5,fsr1h
   673  000170  C016  FFE1         	movff	??_high_isr+4,fsr1l
   674  000174  C015  FFEA         	movff	??_high_isr+3,fsr0h
   675  000178  C014  FFE9         	movff	??_high_isr+2,fsr0l
   676  00017C  C013  FFFB         	movff	??_high_isr+1,pclatu
   677  000180  C012  FFFA         	movff	??_high_isr,pclath
   678  000184  9224               	bcf	btemp,1,c	;clear compiler interrupt flag (level 2)
   679  000186  0011               	retfie		f
   680  000188                     __end_of_high_isr:
   681                           	opt stack 0
   682  0000                     pclatu	equ	0xFFB
   683                           pclath	equ	0xFFA
   684                           tblptru	equ	0xFF8
   685                           tblptrh	equ	0xFF7
   686                           tblptrl	equ	0xFF6
   687                           tablat	equ	0xFF5
   688                           prodh	equ	0xFF4
   689                           prodl	equ	0xFF3
   690                           intcon	equ	0xFF2
   691                           intcon2	equ	0xFF1
   692                           fsr0h	equ	0xFEA
   693                           fsr0l	equ	0xFE9
   694                           wreg	equ	0xFE8
   695                           fsr1h	equ	0xFE2
   696                           fsr1l	equ	0xFE1
   697                           bsr	equ	0xFE0
   698                           fsr2h	equ	0xFDA
   699                           fsr2l	equ	0xFD9
   700                           status	equ	0xFD8
   701                           pclatu	equ	0xFFB
   702                           pclath	equ	0xFFA
   703                           tblptru	equ	0xFF8
   704                           tblptrh	equ	0xFF7
   705                           tblptrl	equ	0xFF6
   706                           tablat	equ	0xFF5
   707                           prodh	equ	0xFF4
   708                           prodl	equ	0xFF3
   709                           intcon	equ	0xFF2
   710                           intcon2	equ	0xFF1
   711                           fsr0h	equ	0xFEA
   712                           fsr0l	equ	0xFE9
   713                           wreg	equ	0xFE8
   714                           fsr1h	equ	0xFE2
   715                           fsr1l	equ	0xFE1
   716                           bsr	equ	0xFE0
   717                           fsr2h	equ	0xFDA
   718                           fsr2l	equ	0xFD9
   719                           status	equ	0xFD8
   720                           
   721                           	psect	rparam
   722  0000                     pclatu	equ	0xFFB
   723                           pclath	equ	0xFFA
   724                           tblptru	equ	0xFF8
   725                           tblptrh	equ	0xFF7
   726                           tblptrl	equ	0xFF6
   727                           tablat	equ	0xFF5
   728                           prodh	equ	0xFF4
   729                           prodl	equ	0xFF3
   730                           intcon	equ	0xFF2
   731                           intcon2	equ	0xFF1
   732                           fsr0h	equ	0xFEA
   733                           fsr0l	equ	0xFE9
   734                           wreg	equ	0xFE8
   735                           fsr1h	equ	0xFE2
   736                           fsr1l	equ	0xFE1
   737                           bsr	equ	0xFE0
   738                           fsr2h	equ	0xFDA
   739                           fsr2l	equ	0xFD9
   740                           status	equ	0xFD8
   741                           
   742                           	psect	temp
   743  000024                     btemp:
   744                           	opt stack 0
   745  000024                     	ds	1
   746  0000                     int$flags	set	btemp
   747                           pclatu	equ	0xFFB
   748                           pclath	equ	0xFFA
   749                           tblptru	equ	0xFF8
   750                           tblptrh	equ	0xFF7
   751                           tblptrl	equ	0xFF6
   752                           tablat	equ	0xFF5
   753                           prodh	equ	0xFF4
   754                           prodl	equ	0xFF3
   755                           intcon	equ	0xFF2
   756                           intcon2	equ	0xFF1
   757                           fsr0h	equ	0xFEA
   758                           fsr0l	equ	0xFE9
   759                           wreg	equ	0xFE8
   760                           fsr1h	equ	0xFE2
   761                           fsr1l	equ	0xFE1
   762                           bsr	equ	0xFE0
   763                           fsr2h	equ	0xFDA
   764                           fsr2l	equ	0xFD9
   765                           status	equ	0xFD8


Data Sizes:
    Strings     0
    Constant    0
    Data        0
    BSS         0
    Persistent  1
    Stack       0

Auto Spaces:
    Space          Size  Autos    Used
    COMRAM           94     34      35
    BANK0           160      0       0
    BANK1           256      0       0
    BANK2           256      0       0
    BANK3           256      0       0
    BANK4           256      0       0
    BANK5           239      0       0

Pointer List with Targets:

    None.

Critical Paths under _main in COMRAM

    _main->_SpiTxRx

Critical Paths under _high_isr in COMRAM

    None.

Critical Paths under _low_isr in COMRAM

    None.

Critical Paths under _main in BANK0

    None.

Critical Paths under _high_isr in BANK0

    None.

Critical Paths under _low_isr in BANK0

    None.

Critical Paths under _main in BANK1

    None.

Critical Paths under _high_isr in BANK1

    None.

Critical Paths under _low_isr in BANK1

    None.

Critical Paths under _main in BANK2

    None.

Critical Paths under _high_isr in BANK2

    None.

Critical Paths under _low_isr in BANK2

    None.

Critical Paths under _main in BANK3

    None.

Critical Paths under _high_isr in BANK3

    None.

Critical Paths under _low_isr in BANK3

    None.

Critical Paths under _main in BANK4

    None.

Critical Paths under _high_isr in BANK4

    None.

Critical Paths under _low_isr in BANK4

    None.

Critical Paths under _main in BANK5

    None.

Critical Paths under _high_isr in BANK5

    None.

Critical Paths under _low_isr in BANK5

    None.

Call Graph Tables:

 ---------------------------------------------------------------------------------
 (Depth) Function   	        Calls       Base Space   Used Autos Params    Refs
 ---------------------------------------------------------------------------------
 (0) _main                                                 2     2      0      60
                                             32 COMRAM     2     2      0
                _ConfigureOscillator
                            _InitApp
                            _SpiTxRx
 ---------------------------------------------------------------------------------
 (1) _SpiTxRx                                              1     1      0      15
                                             31 COMRAM     1     1      0
 ---------------------------------------------------------------------------------
 (1) _InitApp                                              0     0      0       0
 ---------------------------------------------------------------------------------
 (1) _ConfigureOscillator                                  0     0      0       0
 ---------------------------------------------------------------------------------
 Estimated maximum stack depth 1
 ---------------------------------------------------------------------------------
 (Depth) Function   	        Calls       Base Space   Used Autos Params    Refs
 ---------------------------------------------------------------------------------
 (2) _low_isr                                             17    17      0       0
                                              0 COMRAM    17    17      0
 ---------------------------------------------------------------------------------
 Estimated maximum stack depth 2
 ---------------------------------------------------------------------------------
 (Depth) Function   	        Calls       Base Space   Used Autos Params    Refs
 ---------------------------------------------------------------------------------
 (3) _high_isr                                            14    14      0       0
                                             17 COMRAM    14    14      0
 ---------------------------------------------------------------------------------
 Estimated maximum stack depth 3
 ---------------------------------------------------------------------------------

 Call Graph Graphs:

 _main (ROOT)
   _ConfigureOscillator
   _InitApp
   _SpiTxRx

 _low_isr (ROOT)

 _high_isr (ROOT)

 Address spaces:
Name               Size   Autos  Total    Cost      Usage
BITCOMRAM           5E      0       0       0        0.0%
EEDATA             100      0       0       0        0.0%
NULL                 0      0       0       0        0.0%
CODE                 0      0       0       0        0.0%
COMRAM              5E     22      23       1       37.2%
STACK                0      0       0       2        0.0%
BITBANK0            A0      0       0       3        0.0%
BANK0               A0      0       0       4        0.0%
BITBANK1           100      0       0       5        0.0%
BANK1              100      0       0       6        0.0%
BITBANK2           100      0       0       7        0.0%
BANK2              100      0       0       8        0.0%
BITBANK3           100      0       0       9        0.0%
BANK3              100      0       0      10        0.0%
BITBANK4           100      0       0      11        0.0%
BANK4              100      0       0      12        0.0%
BANK5               EF      0       0      13        0.0%
ABS                  0      0      23      14        0.0%
BITBANK5            EF      0       0      15        0.0%
BIGRAM             5EE      0       0      16        0.0%
DATA                 0      0      23      17        0.0%
BITSFR_5             0      0       0      40        0.0%
SFR_5                0      0       0      40        0.0%
BITSFR_4             0      0       0      40        0.0%
SFR_4                0      0       0      40        0.0%
BITSFR_3             0      0       0      40        0.0%
SFR_3                0      0       0      40        0.0%
BITSFR_2             0      0       0      40        0.0%
SFR_2                0      0       0      40        0.0%
BITSFR_1             0      0       0      40        0.0%
SFR_1                0      0       0      40        0.0%
BITSFR               0      0       0      40        0.0%
SFR                  0      0       0      40        0.0%


Microchip Technology PIC18 Macro Assembler V1.35 build -356382666 
Symbol Table                                                                                   Wed Aug 26 20:48:19 2015

                          l98 01D2                            bsr 000FE0                  __CFG_CP0$OFF 000000  
                __CFG_CP1$OFF 000000                  __CFG_CP2$OFF 000000                  __CFG_CP3$OFF 000000  
                         l731 00BE                           l761 010C                           l753 00F4  
                         l745 00E0                           l739 00D2                           l749 00EA  
                         l759 0108                           _CKE 007E3E                           _GIE 007F97  
                __CFG_CPB$OFF 000000                  __CFG_CPD$OFF 000000                           _SMP 007E3F  
               main@Direccion 0022                  __CFG_BORV$30 000000                           wreg 000FE8  
                __CFG_LVP$OFF 000000                          _RBPU 007F8F                          _main 00AA  
                        fsr0h 000FEA                          fsr1h 000FE2                          fsr0l 000FE9  
                        fsr2h 000FDA                          fsr1l 000FE1                          fsr2l 000FD9  
                        btemp 0024                          pclat 000FFA                          prodh 000FF4  
                        prodl 000FF3                          start 00A6                 __CFG_IESO$OFF 000000  
               __CFG_MCLRE$ON 000000                  ___param_bank 000010               __end_of_InitApp 01CC  
             __end_of_SpiTxRx 01DC                         ?_main 0001                         _ANSEL 000F7E  
                       _T0CON 000FD5                         _TMR0H 000FD7                         _TMR0L 000FD6  
                       _PORTA 000F80                         _PORTC 000F82                         _PORTD 000F83  
                       _TRISA 000F92                         _TRISB 000F93                         _TRISC 000F94  
                       _TRISD 000F95                         _SSPIF 007CF3                         _SSPEN 007E35  
                       _WPUB0 007BE0           _ConfigureOscillator 01E6                 __CFG_PWRT$OFF 000000  
               __CFG_WRT0$OFF 000000                 __CFG_WRT1$OFF 000000                 __CFG_WRT2$OFF 000000  
               __CFG_WRT3$OFF 000000                __CFG_EBTR0$OFF 000000                __CFG_FCMEN$OFF 000000  
              __CFG_EBTR1$OFF 000000                __CFG_EBTR2$OFF 000000                __CFG_EBTR3$OFF 000000  
               __CFG_WRTB$OFF 000000                 __CFG_WRTC$OFF 000000                 __CFG_WRTD$OFF 000000  
              __CFG_EBTRB$OFF 000000               __end_of_low_isr 00A6                __CFG_BOREN$OFF 000000  
                       tablat 000FF5                         status 000FD8                __CFG_HFOFST$ON 000000  
        ?_ConfigureOscillator 0001               __initialization 01DC                  __end_of_main 011C  
                      ??_main 0021                 __activetblptr 000000                        _ANSELH 000F7F  
              __CFG_WDTEN$OFF 000000                        _OSCCON 000FD3                        _SSPBUF 000FC9  
                   ??_InitApp 0020         ??_ConfigureOscillator 0020                __CFG_XINST$OFF 000000  
                   ??_SpiTxRx 0020              __end_of_high_isr 0188                __CFG_STVREN$ON 000000  
                   ??_low_isr 0001                        tblptrh 000FF7                        tblptrl 000FF6  
                      tblptru 000FF8                    __accesstop 0060       __end_of__initialization 01DC  
             __CFG_PBADEN$OFF 000000                 ___rparam_used 000001                __pcstackCOMRAM 0001  
                  __pnvCOMRAM 0023                       _SSPCON1 000FC6           main@BotonPresionado 0021  
                   ?_high_isr 0001                       _InitApp 0188                       __Hparam 0000  
                 SpiTxRx@data 0020                       __Lparam 0000                       _SpiTxRx 01CC  
                     __pcinit 01DC                       __ramtop 0600                       __ptext0 00AA  
                     __ptext1 01CC                       __ptext2 0188                       __ptext3 01E6  
                   _T0CONbits 000FD5                       _low_isr 0018                    ??_high_isr 0012  
              __pintcode_body 011C          end_of_initialization 01DC                       int_func 011C  
                   _PORTBbits 000F81   __end_of_ConfigureOscillator 01EC           start_initialization 01DC  
            __CFG_LPT1OSC$OFF 000000             __size_of_high_isr 0180                      ?_InitApp 0001  
           __CFG_CCP2MX$PORTC 000000                      ?_SpiTxRx 0001                     __pintcode 0008  
                 __pintcodelo 0018                      ?_low_isr 0001              __CFG_WDTPS$32768 000000  
                 _LED_Display 0023              __size_of_InitApp 0044                      __Hrparam 0000  
                    __Lrparam 0000              __size_of_SpiTxRx 0010              __size_of_low_isr 008E  
                    _high_isr 0008                 __size_of_main 0072  __size_of_ConfigureOscillator 0006  
                    int$flags 0024                    _INTCONbits 000FF2                      intlevel1 0000  
                    intlevel2 0000             __CFG_FOSC$INTIO67 000000  
